<?xml version="1.0" encoding="UTF-8"?>
<testsuite xmlns:xsi="http://www.w3.org/2001/XMLSchema-instance" xsi:noNamespaceSchemaLocation="https://maven.apache.org/surefire/maven-surefire-plugin/xsd/surefire-test-report-3.0.xsd" version="3.0" name="edu.eci.cvds.tdd.library.loan.LoanTest" time="0.019" tests="6" errors="0" skipped="0" failures="0">
  <properties>
    <property name="java.specification.version" value="19"/>
    <property name="sun.cpu.isalist" value="amd64"/>
    <property name="sun.jnu.encoding" value="Cp1252"/>
    <property name="java.class.path" value="F:\CVDS-Laboratory-3\target\test-classes;F:\CVDS-Laboratory-3\target\classes;C:\Users\Jesús A. Pinzón Vega\.m2\repository\org\junit\jupiter\junit-jupiter-api\5.11.4\junit-jupiter-api-5.11.4.jar;C:\Users\Jesús A. Pinzón Vega\.m2\repository\org\opentest4j\opentest4j\1.3.0\opentest4j-1.3.0.jar;C:\Users\Jesús A. Pinzón Vega\.m2\repository\org\junit\platform\junit-platform-commons\1.11.4\junit-platform-commons-1.11.4.jar;C:\Users\Jesús A. Pinzón Vega\.m2\repository\org\apiguardian\apiguardian-api\1.1.2\apiguardian-api-1.1.2.jar;C:\Users\Jesús A. Pinzón Vega\.m2\repository\org\junit\jupiter\junit-jupiter-engine\5.11.4\junit-jupiter-engine-5.11.4.jar;C:\Users\Jesús A. Pinzón Vega\.m2\repository\org\junit\platform\junit-platform-engine\1.11.4\junit-platform-engine-1.11.4.jar;"/>
    <property name="java.vm.vendor" value="Oracle Corporation"/>
    <property name="sun.arch.data.model" value="64"/>
    <property name="user.variant" value=""/>
    <property name="java.vendor.url" value="https://java.oracle.com/"/>
    <property name="user.timezone" value="America/Bogota"/>
    <property name="os.name" value="Windows 11"/>
    <property name="java.vm.specification.version" value="19"/>
    <property name="sun.java.launcher" value="SUN_STANDARD"/>
    <property name="user.country" value="CO"/>
    <property name="sun.boot.library.path" value="C:\Program Files\Java\jdk-19\bin"/>
    <property name="sun.java.command" value="C:\Users\Jesús A. Pinzón Vega\AppData\Local\Temp\surefire10670352976035901963\surefirebooter-20250210032244419_3.jar C:\Users\Jesús A. Pinzón Vega\AppData\Local\Temp\surefire10670352976035901963 2025-02-10T03-22-44_125-jvmRun1 surefire-20250210032244419_1tmp surefire_0-20250210032244419_2tmp"/>
    <property name="jdk.debug" value="release"/>
    <property name="surefire.test.class.path" value="F:\CVDS-Laboratory-3\target\test-classes;F:\CVDS-Laboratory-3\target\classes;C:\Users\Jesús A. Pinzón Vega\.m2\repository\org\junit\jupiter\junit-jupiter-api\5.11.4\junit-jupiter-api-5.11.4.jar;C:\Users\Jesús A. Pinzón Vega\.m2\repository\org\opentest4j\opentest4j\1.3.0\opentest4j-1.3.0.jar;C:\Users\Jesús A. Pinzón Vega\.m2\repository\org\junit\platform\junit-platform-commons\1.11.4\junit-platform-commons-1.11.4.jar;C:\Users\Jesús A. Pinzón Vega\.m2\repository\org\apiguardian\apiguardian-api\1.1.2\apiguardian-api-1.1.2.jar;C:\Users\Jesús A. Pinzón Vega\.m2\repository\org\junit\jupiter\junit-jupiter-engine\5.11.4\junit-jupiter-engine-5.11.4.jar;C:\Users\Jesús A. Pinzón Vega\.m2\repository\org\junit\platform\junit-platform-engine\1.11.4\junit-platform-engine-1.11.4.jar;"/>
    <property name="sun.cpu.endian" value="little"/>
    <property name="user.home" value="C:\Users\Jesús A. Pinzón Vega"/>
    <property name="user.language" value="es"/>
    <property name="java.specification.vendor" value="Oracle Corporation"/>
    <property name="java.version.date" value="2023-01-17"/>
    <property name="java.home" value="C:\Program Files\Java\jdk-19"/>
    <property name="file.separator" value="\"/>
    <property name="basedir" value="F:\CVDS-Laboratory-3"/>
    <property name="java.vm.compressedOopsMode" value="Zero based"/>
    <property name="line.separator" value="&#10;"/>
    <property name="java.vm.specification.vendor" value="Oracle Corporation"/>
    <property name="java.specification.name" value="Java Platform API Specification"/>
    <property name="surefire.real.class.path" value="C:\Users\Jesús A. Pinzón Vega\AppData\Local\Temp\surefire10670352976035901963\surefirebooter-20250210032244419_3.jar"/>
    <property name="user.script" value=""/>
    <property name="sun.management.compiler" value="HotSpot 64-Bit Tiered Compilers"/>
    <property name="java.runtime.version" value="19.0.2+7-44"/>
    <property name="user.name" value="Jesús A. Pinzón Vega"/>
    <property name="stdout.encoding" value="Cp1252"/>
    <property name="path.separator" value=";"/>
    <property name="os.version" value="10.0"/>
    <property name="java.runtime.name" value="Java(TM) SE Runtime Environment"/>
    <property name="file.encoding" value="UTF-8"/>
    <property name="java.vm.name" value="Java HotSpot(TM) 64-Bit Server VM"/>
    <property name="localRepository" value="C:\Users\Jesús A. Pinzón Vega\.m2\repository"/>
    <property name="java.vendor.url.bug" value="https://bugreport.java.com/bugreport/"/>
    <property name="java.io.tmpdir" value="C:\Users\JESSA~1.PIN\AppData\Local\Temp\"/>
    <property name="java.version" value="19.0.2"/>
    <property name="user.dir" value="F:\CVDS-Laboratory-3"/>
    <property name="os.arch" value="amd64"/>
    <property name="java.vm.specification.name" value="Java Virtual Machine Specification"/>
    <property name="sun.os.patch.level" value=""/>
    <property name="native.encoding" value="Cp1252"/>
    <property name="java.library.path" value="C:\Program Files\Java\jdk-19\bin;C:\Windows\Sun\Java\bin;C:\Windows\system32;C:\Windows;C:\Program Files (x86)\VMware\VMware Workstation\bin\;C:\Program Files\Java\jdk-19\bin;C:\Program Files\Common Files\Oracle\Java\javapath;C:\Program Files (x86)\Common Files\Oracle\Java\java8path;C:\Program Files (x86)\Common Files\Oracle\Java\javapath;C:\Oracle\XE21c\dbhomeXE\bin;C:\Program Files (x86)\Java\jre1.8.0_431\bin;C:\Windows\system32;C:\Windows;C:\Windows\System32\Wbem;C:\Windows\System32\WindowsPowerShell\v1.0\;C:\Windows\System32\OpenSSH\;C:\Program Files\Microsoft SQL Server\Client SDK\ODBC\110\Tools\Binn\;C:\Program Files (x86)\Microsoft SQL Server\120\Tools\Binn\;C:\Program Files\Microsoft SQL Server\120\Tools\Binn\;C:\Program Files\Microsoft SQL Server\120\DTS\Binn\;C:\Program Files\Git\cmd;C:\Program Files (x86)\Wolfram Research\WolframScript\;C:\Program Files (x86)\dotnet\;C:\Program Files\dotnet\;C:\Program Files\PuTTY\;C:\Program Files\Maven\apache-maven-3.9.9\bin;C:\Program Files\Microsoft VS Code\bin;C:\Program Files\nodejs\;C:\Program Files\Gradle\bin;;C:\Program Files\Docker\Docker\resources\bin;C:\Users\Jesús A. Pinzón Vega\AppData\Local\Programs\Python\Python311;C:\Users\Jesús A. Pinzón Vega\AppData\Local\Programs\Python\Python311\Scripts\;C:\Users\Jesús A. Pinzón Vega\AppData\Local\Microsoft\WindowsApps;C:\Program Files (x86)\SSH Communications Security\SSH Secure Shell;C:\ghcup\bin;C:\Program Files\JetBrains\IntelliJ IDEA 2024.3\bin;C:\Users\Jesús A. Pinzón Vega\AppData\Local\JetBrains\Toolbox\scripts;C:\Users\Jesús A. Pinzón Vega\AppData\Roaming\npm;."/>
    <property name="java.vm.info" value="mixed mode, sharing"/>
    <property name="stderr.encoding" value="Cp1252"/>
    <property name="java.vendor" value="Oracle Corporation"/>
    <property name="java.vm.version" value="19.0.2+7-44"/>
    <property name="sun.io.unicode.encoding" value="UnicodeLittle"/>
    <property name="java.class.version" value="63.0"/>
  </properties>
  <testcase name="shouldReturnCorrectReturnDate" classname="edu.eci.cvds.tdd.library.loan.LoanTest" time="0.002"/>
  <testcase name="notshouldReturnNullReturnDateIfStatusIsActive" classname="edu.eci.cvds.tdd.library.loan.LoanTest" time="0.001"/>
  <testcase name="notshouldReturnCorrectLoanDetailsIfUserIsNull" classname="edu.eci.cvds.tdd.library.loan.LoanTest" time="0.002"/>
  <testcase name="shouldReturnCorrectLoanDetails" classname="edu.eci.cvds.tdd.library.loan.LoanTest" time="0.001"/>
  <testcase name="notshouldReturnCorrectLoanDetailsIfBookIsNull" classname="edu.eci.cvds.tdd.library.loan.LoanTest" time="0.002"/>
  <testcase name="shouldReturnCorrectLoanStatus" classname="edu.eci.cvds.tdd.library.loan.LoanTest" time="0.001"/>
</testsuite>